Diagnose log at 2022-07-19T16:51:49Z

Executable: C:\Program Files\Git\mingw64\bin\git-credential-manager-core.exe
Version: 2.0.785+6074e4e3d3

------------
Diagnostic: Environment
Skipped: False
Success: True
Exception: None
Log:
OSType: Windows
OSVersion: 10.0 (build 19044)
Reading environment variables... OK
 Variables:
HOMEPATH=\Users\hylos
DriverData=C:\Windows\System32\Drivers\DriverData
COMPUTERNAME=DESKTOP-1U2KOQC
MSYSTEM=MINGW64
CommonProgramFiles(x86)=C:\Program Files (x86)\Common Files
OneDrive=C:\Users\hylos\OneDrive - uk elcass
ProgramFiles(x86)=C:\Program Files (x86)
CHROME_RESTART=Google Chrome|Whoa! Google Chrome has crashed. Relaunch now?|LEFT_TO_RIGHT
CONFIG_SITE=C:/Program Files/Git/etc/config.site
PROCESSOR_REVISION=4601
PATHEXT=.COM;.EXE;.BAT;.CMD;.VBS;.VBE;.JS;.JSE;.WSF;.WSH;.MSC
ORIGINAL_TEMP=C:/Users/hylos/AppData/Local/Temp
USERNAME=hylos
MINGW_PREFIX=C:/Program Files/Git/mingw64
GIT_EXEC_PATH=C:/Program Files/Git/mingw64/libexec/git-core
ACLOCAL_PATH=C:\Program Files\Git\mingw64\share\aclocal;C:\Program Files\Git\usr\share\aclocal
TEMP=C:\Users\hylos\AppData\Local\Temp
LOCALAPPDATA=C:\Users\hylos\AppData\Local
MANPATH=C:\Program Files\Git\mingw64\local\man;C:\Program Files\Git\mingw64\share\man;C:\Program Files\Git\usr\local\man;C:\Program Files\Git\usr\share\man;C:\Program Files\Git\usr\man;C:\Program Files\Git\share\man
TERM=xterm-256color
PROCESSOR_IDENTIFIER=Intel64 Family 6 Model 70 Stepping 1, GenuineIntel
MSYSTEM_CARCH=x86_64
PROGRAMFILES=C:\Program Files (x86)
ProgramData=C:\ProgramData
USERDOMAIN=DESKTOP-1U2KOQC
ORIGINAL_TMP=C:/Users/hylos/AppData/Local/Temp
SYSTEMROOT=C:\WINDOWS
_=C:/Program Files/Git/mingw64/bin/git
PROCESSOR_LEVEL=6
NUMBER_OF_PROCESSORS=8
SSH_ASKPASS=C:/Program Files/Git/mingw64/bin/git-askpass.exe
SHLVL=1
APPDATA=C:\Users\hylos\AppData\Roaming
PROMPT=$P$G
PSModulePath=C:\Program Files\WindowsPowerShell\Modules;C:\WINDOWS\system32\WindowsPowerShell\v1.0\Modules
PUBLIC=C:\Users\Public
FPS_BROWSER_USER_PROFILE_STRING=Default
PKG_CONFIG_PATH=C:\Program Files\Git\mingw64\lib\pkgconfig;C:\Program Files\Git\mingw64\share\pkgconfig
FR_CUSTOMDATA_PATH=C:\Program Files (x86)\Steam\steamapps\common\FaceRig\Mod\VP\PC_CustomData\
MSYSTEM_CHOST=x86_64-w64-mingw32
CHROME_CRASHPAD_PIPE_NAME=\\.\pipe\crashpad_6632_UTINALIHLXFUTGAH
PLINK_PROTOCOL=ssh
INFOPATH=C:\Program Files\Git\usr\local\info;C:\Program Files\Git\usr\share\info;C:\Program Files\Git\usr\info;C:\Program Files\Git\share\info
ProgramW6432=C:\Program Files
PATH=C:/Program Files/Git/mingw64/libexec/git-core;C:\Users\hylos\bin;C:\Program Files\Git\mingw64\bin;C:\Program Files\Git\usr\local\bin;C:\Program Files\Git\usr\bin;C:\Program Files\Git\usr\bin;C:\Program Files\Git\mingw64\bin;C:\Program Files\Git\usr\bin;C:\Users\hylos\bin;C:\Program Files (x86)\Google\Chrome\Application;C:\WINDOWS\system32;C:\WINDOWS;C:\WINDOWS\System32\Wbem;C:\WINDOWS\System32\WindowsPowerShell\v1.0;C:\WINDOWS\System32\OpenSSH;C:\Program Files (x86)\NVIDIA Corporation\PhysX\Common;C:\Program Files\NVIDIA Corporation\NVIDIA NvDLISR;C:\Users\hylos\AppData\Local\Microsoft\WindowsApps;C:\Program Files\Git\usr\bin\vendor_perl;C:\Program Files\Git\usr\bin\core_perl
MINGW_CHOST=x86_64-w64-mingw32
FPS_BROWSER_APP_PROFILE_STRING=Internet Explorer
TMPDIR=C:\Users\hylos\AppData\Local\Temp
TMP=C:\Users\hylos\AppData\Local\Temp
SHELL=C:\Program Files\Git\usr\bin\bash.exe
HOME=C:\Users\hylos
SYSTEMDRIVE=C:
COMSPEC=C:\WINDOWS\system32\cmd.exe
LOGONSERVER=\\DESKTOP-1U2KOQC
USERPROFILE=C:\Users\hylos
DISPLAY=needs-to-be-defined
COMMONPROGRAMFILES=C:\Program Files (x86)\Common Files
WINDIR=C:\WINDOWS
USERDOMAIN_ROAMINGPROFILE=DESKTOP-1U2KOQC
CommonProgramW6432=C:\Program Files\Common Files
HOMEDRIVE=C:
MSYSTEM_PREFIX=C:/Program Files/Git/mingw64
OLDPWD=C:/Users/hylos/github
OneDriveCommercial=C:\Users\hylos\OneDrive - uk elcass
MINGW_PACKAGE_PREFIX=mingw-w64-x86_64
SESSIONNAME=Console
PWD=C:/Users/hylos/github/percobaan-syntax
EXEPATH=C:\Program Files\Git
HOSTNAME=DESKTOP-1U2KOQC
PROCESSOR_ARCHITEW6432=AMD64
ORIGINAL_PATH=C:\Program Files\Git\mingw64\bin;C:\Program Files\Git\usr\bin;C:\Users\hylos\bin;C:\Program Files (x86)\Google\Chrome\Application;C:\WINDOWS\system32;C:\WINDOWS;C:\WINDOWS\System32\Wbem;C:\WINDOWS\System32\WindowsPowerShell\v1.0;C:\WINDOWS\System32\OpenSSH;C:\Program Files (x86)\NVIDIA Corporation\PhysX\Common;C:\Program Files\NVIDIA Corporation\NVIDIA NvDLISR;C:\Users\hylos\AppData\Local\Microsoft\WindowsApps
PROCESSOR_ARCHITECTURE=x86
PS1=\[\033]0;$TITLEPREFIX:$PWD\007\]\n\[\033[32m\]\u@\h \[\033[35m\]$MSYSTEM \[\033[33m\]\w\[\033[36m\]`__git_ps1`\[\033[0m\]\n$ 
OS=Windows_NT
LANG=en_US.UTF-8
ALLUSERSPROFILE=C:\ProgramData


------------
Diagnostic: File system
Skipped: False
Success: True
Exception: None
Log:
Temporary directory is 'C:\Users\hylos\AppData\Local\Temp\'...
Checking basic file I/O...
Writing to temporary file 'C:\Users\hylos\AppData\Local\Temp\c8a142b8a61d92947c62fe2a'... OK
Reading from temporary file 'C:\Users\hylos\AppData\Local\Temp\c8a142b8a61d92947c62fe2a'... OK
Deleting temporary file 'C:\Users\hylos\AppData\Local\Temp\c8a142b8a61d92947c62fe2a'... OK
Testing IFileSystem instance...
UserHomePath: C:\Users\hylos
UserDataDirectoryPath: C:\Users\hylos\.gcm
GetCurrentDirectory(): C:\Users\hylos\github\percobaan-syntax

------------
Diagnostic: Networking
Skipped: False
Success: True
Exception: None
Log:
Checking basic networking and HTTP stack...
Creating HTTP client... OK
IsNetworkAvailable: True
Sending HEAD request to http://example.com... OK
Sending HEAD request to https://example.com... OK
Acquiring free TCP port... OK
Testing local HTTP loopback connections...
Creating new HTTP listener for http://localhost:50294/... OK
Waiting for loopback connection... OK
Writing response... OK
Waiting for response data... OK
Loopback connection data OK
Testing with IHttpClientFactory created HTTP client...
Creating HTTP client... OK
IsNetworkAvailable: True
Sending HEAD request to http://example.com... OK
Sending HEAD request to https://example.com... OK
Acquiring free TCP port... OK
Testing local HTTP loopback connections...
Creating new HTTP listener for http://localhost:50297/... OK
Waiting for loopback connection... OK
Writing response... OK
Waiting for response data... OK
Loopback connection data OK

------------
Diagnostic: Git
Skipped: False
Success: True
Exception: None
Log:
Getting Git version... OK
Git version is '2.37.1.windows.1'
Locating current repository... OK
Git repository at 'C:/Users/hylos/github/percobaan-syntax/.git'
Listing all Git configuration... OK
Git configuration:
file:C:/Program Files/Git/etc/gitconfig	diff.astextplain.textconv=astextplain
file:C:/Program Files/Git/etc/gitconfig	filter.lfs.clean=git-lfs clean -- %f
file:C:/Program Files/Git/etc/gitconfig	filter.lfs.smudge=git-lfs smudge -- %f
file:C:/Program Files/Git/etc/gitconfig	filter.lfs.process=git-lfs filter-process
file:C:/Program Files/Git/etc/gitconfig	filter.lfs.required=true
file:C:/Program Files/Git/etc/gitconfig	http.sslbackend=schannel
file:C:/Program Files/Git/etc/gitconfig	core.autocrlf=true
file:C:/Program Files/Git/etc/gitconfig	core.fscache=true
file:C:/Program Files/Git/etc/gitconfig	core.symlinks=false
file:C:/Program Files/Git/etc/gitconfig	pull.rebase=false
file:C:/Program Files/Git/etc/gitconfig	credential.helper=manager-core
file:C:/Program Files/Git/etc/gitconfig	credential.https://dev.azure.com.usehttppath=true
file:C:/Program Files/Git/etc/gitconfig	init.defaultbranch=main
file:C:/Users/hylos/.gitconfig	filter.lfs.clean=git-lfs clean -- %f
file:C:/Users/hylos/.gitconfig	filter.lfs.smudge=git-lfs smudge -- %f
file:C:/Users/hylos/.gitconfig	filter.lfs.process=git-lfs filter-process
file:C:/Users/hylos/.gitconfig	filter.lfs.required=true
file:C:/Users/hylos/.gitconfig	user.name=hningswara
file:C:/Users/hylos/.gitconfig	user.email=109612747+hningswara@users.noreply.github.com
file:C:/Users/hylos/.gitconfig	core.editor="C:\Users\hylos\AppData\Local\atom\app-1.60.0\atom.exe" --wait
file:.git/config	core.repositoryformatversion=0
file:.git/config	core.filemode=false
file:.git/config	core.bare=false
file:.git/config	core.logallrefupdates=true
file:.git/config	core.symlinks=false
file:.git/config	core.ignorecase=true
file:.git/config	remote.origin.url=https://github.com/hningswara/percobaan-syntax
file:.git/config	remote.origin.fetch=+refs/heads/*:refs/remotes/origin/*
file:.git/config	lfs.repositoryformatversion=0


------------
Diagnostic: Credential storage
Skipped: False
Success: True
Exception: None
Log:
ICredentialStore instance is of type: CredentialStore
Writing test credential... OK
Reading test credential... OK
Deleting test credential... OK

------------
Diagnostic: Microsoft authentication (AAD/MSA)
Skipped: False
Success: True
Exception: None
Log:
Broker not supported.
Flow type is: Auto
Gathering MSAL token cache data... OK
CacheDirectory: C:\Users\hylos\AppData\Local\.IdentityService
CacheFileName: msal.cache
CacheFilePath: C:\Users\hylos\AppData\Local\.IdentityService\msal.cache
Creating cache helper... OK
Verifying MSAL token cache persistence... OK

------------
Diagnostic: GitHub API
Skipped: False
Success: True
Exception: None
Log:
Using 'https://github.com/' as API target.
Querying '/meta' endpoint... OK

